<?xml version="1.0" encoding="UTF-8"?>
<testng-results ignored="0" total="1" passed="1" failed="0" skipped="0">
  <reporter-output>
  </reporter-output>
  <suite started-at="2023-05-28T15:49:47 IST" name="Suite" finished-at="2023-05-28T15:49:54 IST" duration-ms="6431">
    <groups>
    </groups>
    <test started-at="2023-05-28T15:49:47 IST" name="Test" finished-at="2023-05-28T15:49:54 IST" duration-ms="6431">
      <class name="testClassPackage.Get_tc_1">
        <test-method signature="execute()[pri:0, instance:testClassPackage.Get_tc_1@5cdec700]" started-at="2023-05-28T15:49:47 IST" name="execute" finished-at="2023-05-28T15:49:54 IST" duration-ms="6223" status="PASS">
          <reporter-output>
          </reporter-output>
        </test-method> <!-- execute -->
      </class> <!-- testClassPackage.Get_tc_1 -->
    </test> <!-- Test -->
  </suite> <!-- Suite -->
</testng-results>
