<?xml version="1.0" encoding="UTF-8"?>
<testng-results ignored="0" total="1" passed="1" failed="0" skipped="0">
  <reporter-output>
  </reporter-output>
  <suite started-at="2023-05-29T00:45:09 IST" name="Suite" finished-at="2023-05-29T00:45:15 IST" duration-ms="5318">
    <groups>
    </groups>
    <test started-at="2023-05-29T00:45:09 IST" name="Test" finished-at="2023-05-29T00:45:15 IST" duration-ms="5318">
      <class name="testClassPackage.testClass">
        <test-method signature="execute()[pri:0, instance:testClassPackage.testClass@5cdec700]" started-at="2023-05-29T00:45:09 IST" name="execute" finished-at="2023-05-29T00:45:14 IST" duration-ms="5200" status="PASS">
          <reporter-output>
          </reporter-output>
        </test-method> <!-- execute -->
      </class> <!-- testClassPackage.testClass -->
    </test> <!-- Test -->
  </suite> <!-- Suite -->
</testng-results>
